{
  "RSpec": {
    "coverage": {
      "/home/rational-proc-2410/tic-tac-toe-rb-online-web-sp-000/lib/tic_tac_toe.rb": [
        null,
        null,
        1,
        null,
        null,
        null,
        null,
        null,
        null,
        null,
        null,
        null,
        1,
        null,
        1,
        null,
        27,
        27,
        27,
        27,
        27,
        null,
        null,
        1,
        23,
        null,
        null,
        null,
        1,
        22,
        22,
        null,
        null,
        1,
        27,
        3,
        null,
        24,
        null,
        null,
        null,
        1,
        23,
        20,
        null,
        3,
        null,
        null,
        null,
        1,
        20,
        20,
        20,
        20,
        19,
        null,
        1,
        1,
        null,
        null,
        null,
        1,
        21,
        21,
        189,
        31,
        null,
        null,
        21,
        null,
        null,
        1,
        20,
        14,
        null,
        6,
        null,
        null,
        null,
        1,
        46,
        846,
        380,
        null,
        null,
        null,
        1,
        187,
        null,
        null,
        1,
        25,
        4,
        null,
        null,
        null,
        1,
        21,
        10,
        null,
        null,
        null,
        1,
        3,
        3,
        2,
        null,
        null,
        null,
        1,
        12,
        17,
        null,
        12,
        3,
        null,
        9,
        null,
        null,
        null,
        null,
        null,
        null,
        null,
        null,
        null,
        null,
        null,
        null,
        null,
        null,
        null,
        null
      ]
    },
    "timestamp": 1576204587
  }
}
