{
  "RSpec": {
    "coverage": {
      "/home/rational-proc-2410/tic-tac-toe-rb-online-web-sp-000/lib/tic_tac_toe.rb": [
        null,
        null,
        1,
        null,
        null,
        null,
        null,
        null,
        null,
        null,
        null,
        null,
        1,
        null,
        1,
        null,
        17,
        17,
        17,
        17,
        17,
        null,
        null,
        1,
        16,
        null,
        null,
        null,
        1,
        15,
        15,
        null,
        null,
        1,
        20,
        3,
        null,
        17,
        null,
        null,
        null,
        1,
        16,
        13,
        null,
        3,
        null,
        null,
        null,
        1,
        13,
        13,
        13,
        13,
        12,
        null,
        1,
        1,
        null,
        null,
        null,
        1,
        14,
        14,
        126,
        10,
        null,
        null,
        14,
        null,
        null,
        1,
        13,
        10,
        null,
        3,
        null,
        null,
        null,
        1,
        18,
        320,
        146,
        null,
        null,
        null,
        1,
        62,
        null,
        null,
        1,
        7,
        2,
        null,
        null,
        null,
        1,
        10,
        6,
        null,
        null,
        null,
        1,
        3,
        3,
        2,
        null,
        null,
        null,
        1,
        8,
        10,
        null,
        null,
        null,
        null,
        null,
        null,
        null,
        null,
        null,
        null,
        null,
        null,
        null,
        null,
        null,
        null
      ]
    },
    "timestamp": 1576204324
  }
}
